<?xml version="1.0" encoding="UTF-8"?>
<testsuite xmlns:xsi="http://www.w3.org/2001/XMLSchema-instance" xsi:noNamespaceSchemaLocation="https://maven.apache.org/surefire/maven-surefire-plugin/xsd/surefire-test-report.xsd" name="com.altran.serviceimpl.test.TheaterInfoTest" time="0.002" tests="6" errors="0" skipped="0" failures="0">
  <properties>
[...]
</properties>
  <testcase name="testGetTheater" classname="com.altran.serviceimpl.test.TheaterInfoTest" time="0"/>
  <testcase name="testUpdateTheater" classname="com.altran.serviceimpl.test.TheaterInfoTest" time="0"/>
  <testcase name="testGetTheaterList" classname="com.altran.serviceimpl.test.TheaterInfoTest" time="0"/>
  <testcase name="testAddTheater" classname="com.altran.serviceimpl.test.TheaterInfoTest" time="0"/>
  <testcase name="testGetTheaterIndividual" classname="com.altran.serviceimpl.test.TheaterInfoTest" time="0"/>
  <testcase name="testDeleteTheater" classname="com.altran.serviceimpl.test.TheaterInfoTest" time="0"/>
</testsuite>